app/build/outputs/logs/manifest-merger-debug-report.txt
-- Merging decision tree log ---
manifest
ADDED from src/main/AndroidManifest.xml:17:1-50:12
	package
		ADDED from src/main/AndroidManifest.xml:18:5-33
		INJECTED from src/main/AndroidManifest.xml
		INJECTED from src/main/AndroidManifest.xml
	android:versionName
		INJECTED from src/main/AndroidManifest.xml
		INJECTED from src/main/AndroidManifest.xml
	xmlns:android
		ADDED from src/main/AndroidManifest.xml:17:11-69
	android:versionCode
		INJECTED from src/main/AndroidManifest.xml
		INJECTED from src/main/AndroidManifest.xml
application
ADDED from src/main/AndroidManifest.xml:20:5-48:19
MERGED from [com.android.support.constraint:constraint-layout:1.0.2] AndroidManifest.xml:9:5-20
MERGED from [com.android.support:design:22.2.1] AndroidManifest.xml:22:5-20
MERGED from [com.android.support:appcompat-v7:22.2.1] AndroidManifest.xml:22:5-20
MERGED from [com.android.support:support-v4:22.2.1] AndroidManifest.xml:22:5-20
	android:label
		ADDED from src/main/AndroidManifest.xml:22:9-41
	android:hardwareAccelerated
		ADDED from src/main/AndroidManifest.xml:23:9-43
	android:icon
		ADDED from src/main/AndroidManifest.xml:21:9-43
	android:theme
		ADDED from src/main/AndroidManifest.xml:24:9-47
activity#com.adie.calculate.StartActivity
ADDED from src/main/AndroidManifest.xml:26:9-36:20
	android:label
		ADDED from src/main/AndroidManifest.xml:28:13-45
	android:windowSoftInputMode
		ADDED from src/main/AndroidManifest.xml:29:13-60
	android:name
		ADDED from src/main/AndroidManifest.xml:27:13-42
intent-filter#android.intent.action.MAIN+android.intent.category.APP_CALCULATOR+android.intent.category.LAUNCHER
ADDED from src/main/AndroidManifest.xml:30:13-35:29
action#android.intent.action.MAIN
ADDED from src/main/AndroidManifest.xml:31:17-69
	android:name
		ADDED from src/main/AndroidManifest.xml:31:25-66
category#android.intent.category.LAUNCHER
ADDED from src/main/AndroidManifest.xml:33:17-77
	android:name
		ADDED from src/main/AndroidManifest.xml:33:27-74
category#android.intent.category.APP_CALCULATOR
ADDED from src/main/AndroidManifest.xml:34:17-83
	android:name
		ADDED from src/main/AndroidManifest.xml:34:27-80
activity#com.adie.calculate.CalculatorGB
ADDED from src/main/AndroidManifest.xml:38:9-41:63
	android:label
		ADDED from src/main/AndroidManifest.xml:40:13-45
	android:windowSoftInputMode
		ADDED from src/main/AndroidManifest.xml:41:13-60
	android:name
		ADDED from src/main/AndroidManifest.xml:39:13-41
activity#com.adie.calculate.CalculatorL
ADDED from src/main/AndroidManifest.xml:43:9-46:63
	android:label
		ADDED from src/main/AndroidManifest.xml:45:13-45
	android:windowSoftInputMode
		ADDED from src/main/AndroidManifest.xml:46:13-60
	android:name
		ADDED from src/main/AndroidManifest.xml:44:13-40
uses-sdk
INJECTED from src/main/AndroidManifest.xml reason: use-sdk injection requested
MERGED from [com.android.support.constraint:constraint-layout:1.0.2] AndroidManifest.xml:5:5-7:41
MERGED from [com.android.support:design:22.2.1] AndroidManifest.xml:20:5-43
MERGED from [com.android.support:appcompat-v7:22.2.1] AndroidManifest.xml:20:5-43
MERGED from [com.android.support:support-v4:22.2.1] AndroidManifest.xml:20:5-43
	android:targetSdkVersion
		INJECTED from src/main/AndroidManifest.xml
		INJECTED from src/main/AndroidManifest.xml
	android:minSdkVersion
		INJECTED from src/main/AndroidManifest.xml
		INJECTED from src/main/AndroidManifest.xml